-------------------------------------------------------------------------------
Test set: com.gx.admin.Junit5Test
-------------------------------------------------------------------------------
Tests run: 14, Failures: 3, Errors: 1, Skipped: 1, Time elapsed: 0.002 s <<< FAILURE! - in com.gx.admin.Junit5Test
testException  Time elapsed: 0 s  <<< FAILURE!
org.opentest4j.AssertionFailedError: 业务逻辑居然正常运行？ ==> Expected java.lang.ArithmeticException to be thrown, but nothing was thrown.
	at com.gx.admin.Junit5Test.testException(Junit5Test.java:51)

testTimeout  Time elapsed: 0 s  <<< ERROR!
java.util.concurrent.TimeoutException: testTimeout() timed out after 500 milliseconds

all  Time elapsed: 0 s  <<< FAILURE!
org.opentest4j.MultipleFailuresError: 
test (1 failure)
	org.opentest4j.AssertionFailedError: 结果不是1 ==> expected: <1> but was: <2>
	at com.gx.admin.Junit5Test.all(Junit5Test.java:39)

testSimpleAssertions  Time elapsed: 0 s  <<< FAILURE!
org.opentest4j.AssertionFailedError: 两个对象不一样 ==> expected: <java.lang.Object@7c588adc> but was: <java.lang.Object@33ec2c0c>
	at com.gx.admin.Junit5Test.testSimpleAssertions(Junit5Test.java:23)

