<?xml version="1.0" encoding="UTF-8"?>
<testsuite xmlns:xsi="http://www.w3.org/2001/XMLSchema-instance" xsi:noNamespaceSchemaLocation="https://maven.apache.org/surefire/maven-surefire-plugin/xsd/surefire-test-report.xsd" name="com.gx.admin.Junit5Test" time="0.002" tests="14" errors="1" skipped="1" failures="3">
  <properties>
[...]
</properties>
  <testcase name="testException" classname="com.gx.admin.Junit5Test" time="0">
    <failure message="业务逻辑居然正常运行？ ==&gt; Expected java.lang.ArithmeticException to be thrown, but nothing was thrown." type="org.opentest4j.AssertionFailedError">org.opentest4j.AssertionFailedError: 业务逻辑居然正常运行？ ==> Expected java.lang.ArithmeticException to be thrown, but nothing was thrown.
	at com.gx.admin.Junit5Test.testException(Junit5Test.java:51)
</failure>
    <system-out><![CDATA[所有测试就要开始了...
测试开始
测试结束了...
]]></system-out>
  </testcase>
  <testcase name="testTimeout" classname="com.gx.admin.Junit5Test" time="0">
    <error message="testTimeout() timed out after 500 milliseconds" type="java.util.concurrent.TimeoutException">java.util.concurrent.TimeoutException: testTimeout() timed out after 500 milliseconds
</error>
    <system-out><![CDATA[测试开始
测试结束了...
]]></system-out>
  </testcase>
  <testcase name="testFail" classname="com.gx.admin.Junit5Test" time="0"/>
  <testcase name="all" classname="com.gx.admin.Junit5Test" time="0">
    <failure message="test (1 failure)&#10;	org.opentest4j.AssertionFailedError: 结果不是1 ==&gt; expected: &lt;1&gt; but was: &lt;2&gt;" type="org.opentest4j.MultipleFailuresError"><![CDATA[org.opentest4j.MultipleFailuresError: 
test (1 failure)
	org.opentest4j.AssertionFailedError: 结果不是1 ==> expected: <1> but was: <2>
	at com.gx.admin.Junit5Test.all(Junit5Test.java:39)
]]></failure>
    <system-out><![CDATA[测试开始
测试结束了...
]]></system-out>
  </testcase>
  <testcase name="array" classname="com.gx.admin.Junit5Test" time="0.001"/>
  <testcase name="test2" classname="com.gx.admin.Junit5Test" time="0">
    <skipped message="void com.gx.admin.Junit5Test.test2() is @Disabled"/>
  </testcase>
  <testcase name="test3" classname="com.gx.admin.Junit5Test" time="0"/>
  <testcase name="test3[1]" classname="com.gx.admin.Junit5Test" time="0"/>
  <testcase name="test3[2]" classname="com.gx.admin.Junit5Test" time="0"/>
  <testcase name="test3[3]" classname="com.gx.admin.Junit5Test" time="0"/>
  <testcase name="test3[4]" classname="com.gx.admin.Junit5Test" time="0"/>
  <testcase name="test3[5]" classname="com.gx.admin.Junit5Test" time="0.001"/>
  <testcase name="testDisplayName" classname="com.gx.admin.Junit5Test" time="0"/>
  <testcase name="testSimpleAssertions" classname="com.gx.admin.Junit5Test" time="0">
    <failure message="两个对象不一样 ==&gt; expected: &lt;java.lang.Object@7c588adc&gt; but was: &lt;java.lang.Object@33ec2c0c&gt;" type="org.opentest4j.AssertionFailedError"><![CDATA[org.opentest4j.AssertionFailedError: 两个对象不一样 ==> expected: <java.lang.Object@7c588adc> but was: <java.lang.Object@33ec2c0c>
	at com.gx.admin.Junit5Test.testSimpleAssertions(Junit5Test.java:23)
]]></failure>
    <system-out><![CDATA[测试开始
测试结束了...
]]></system-out>
  </testcase>
</testsuite>